<?xml version="1.0" encoding="UTF-8" ?>
<testsuite failures="0" time="0.019" errors="0" skipped="0" tests="6" name="fr.webmarket.backend.test.model.ItemSearchingTest">
  <properties>
    <property name="java.runtime.name" value="Java(TM) SE Runtime Environment"/>
    <property name="sun.boot.library.path" value="C:\Program Files\Java\jre6\bin"/>
    <property name="java.vm.version" value="20.14-b01"/>
    <property name="java.vm.vendor" value="Sun Microsystems Inc."/>
    <property name="java.vendor.url" value="http://java.sun.com/"/>
    <property name="path.separator" value=";"/>
    <property name="java.vm.name" value="Java HotSpot(TM) 64-Bit Server VM"/>
    <property name="file.encoding.pkg" value="sun.io"/>
    <property name="user.country" value="FR"/>
    <property name="sun.java.launcher" value="SUN_STANDARD"/>
    <property name="sun.os.patch.level" value="Service Pack 1"/>
    <property name="java.vm.specification.name" value="Java Virtual Machine Specification"/>
    <property name="user.dir" value="E:\dev\git\webmarket\webmarket\webmarket-backend"/>
    <property name="java.runtime.version" value="1.6.0_39-b04"/>
    <property name="java.awt.graphicsenv" value="sun.awt.Win32GraphicsEnvironment"/>
    <property name="basedir" value="E:\dev\git\webmarket\webmarket\webmarket-backend"/>
    <property name="java.endorsed.dirs" value="C:\Program Files\Java\jre6\lib\endorsed"/>
    <property name="os.arch" value="amd64"/>
    <property name="surefire.real.class.path" value="E:\dev\git\webmarket\webmarket\webmarket-backend\target\surefire\surefirebooter4277145780114752582.jar"/>
    <property name="java.io.tmpdir" value="C:\Users\Elian\AppData\Local\Temp\"/>
    <property name="line.separator" value="
"/>
    <property name="java.vm.specification.vendor" value="Sun Microsystems Inc."/>
    <property name="user.variant" value=""/>
    <property name="os.name" value="Windows 7"/>
    <property name="sun.jnu.encoding" value="Cp1252"/>
    <property name="java.library.path" value="C:\Program Files\Java\jre6\bin;C:\Windows\Sun\Java\bin;C:\Windows\system32;C:\Windows;C:\Program Files (x86)\Intel\iCLS Client\;C:\Program Files\Intel\iCLS Client\;C:\Program Files (x86)\NVIDIA Corporation\PhysX\Common;C:\Windows\system32;C:\Windows;C:\Windows\System32\Wbem;C:\Windows\System32\WindowsPowerShell\v1.0\;C:\Program Files (x86)\Intel\OpenCL SDK\2.0\bin\x86;C:\Program Files (x86)\Intel\OpenCL SDK\2.0\bin\x64;C:\Program Files\Intel\Intel(R) Management Engine Components\DAL;C:\Program Files\Intel\Intel(R) Management Engine Components\IPT;C:\Program Files (x86)\Intel\Intel(R) Management Engine Components\DAL;C:\Program Files (x86)\Intel\Intel(R) Management Engine Components\IPT;."/>
    <property name="surefire.test.class.path" value="E:\dev\git\webmarket\webmarket\webmarket-backend\target\test-classes;E:\dev\git\webmarket\webmarket\webmarket-backend\target\classes;E:\dev\maven\repository\junit\junit\4.11\junit-4.11.jar;E:\dev\maven\repository\org\hamcrest\hamcrest-core\1.3\hamcrest-core-1.3.jar;E:\dev\maven\repository\com\google\guava\guava\14.0-rc2\guava-14.0-rc2.jar;E:\dev\maven\repository\com\sun\jersey\jersey-server\1.17\jersey-server-1.17.jar;E:\dev\maven\repository\asm\asm\3.1\asm-3.1.jar;E:\dev\maven\repository\com\sun\jersey\jersey-core\1.17\jersey-core-1.17.jar;E:\dev\maven\repository\com\sun\jersey\jersey-servlet\1.17\jersey-servlet-1.17.jar;E:\dev\maven\repository\org\codehaus\jackson\jackson-mapper-lgpl\1.9.12\jackson-mapper-lgpl-1.9.12.jar;E:\dev\maven\repository\org\codehaus\jackson\jackson-core-lgpl\1.9.12\jackson-core-lgpl-1.9.12.jar;E:\dev\maven\repository\org\eclipse\jetty\jetty-server\8.1.0.RC5\jetty-server-8.1.0.RC5.jar;E:\dev\maven\repository\org\mortbay\jetty\servlet-api\3.0.20100224\servlet-api-3.0.20100224.jar;E:\dev\maven\repository\org\eclipse\jetty\jetty-continuation\8.1.0.RC5\jetty-continuation-8.1.0.RC5.jar;E:\dev\maven\repository\org\eclipse\jetty\jetty-http\8.1.0.RC5\jetty-http-8.1.0.RC5.jar;E:\dev\maven\repository\org\eclipse\jetty\jetty-io\8.1.0.RC5\jetty-io-8.1.0.RC5.jar;E:\dev\maven\repository\org\eclipse\jetty\jetty-util\8.1.0.RC5\jetty-util-8.1.0.RC5.jar;E:\dev\maven\repository\org\eclipse\jetty\jetty-servlet\8.1.0.RC5\jetty-servlet-8.1.0.RC5.jar;E:\dev\maven\repository\org\eclipse\jetty\jetty-security\8.1.0.RC5\jetty-security-8.1.0.RC5.jar;"/>
    <property name="java.specification.name" value="Java Platform API Specification"/>
    <property name="java.class.version" value="50.0"/>
    <property name="sun.management.compiler" value="HotSpot 64-Bit Tiered Compilers"/>
    <property name="os.version" value="6.1"/>
    <property name="user.home" value="C:\Users\Elian"/>
    <property name="user.timezone" value=""/>
    <property name="java.awt.printerjob" value="sun.awt.windows.WPrinterJob"/>
    <property name="java.specification.version" value="1.6"/>
    <property name="file.encoding" value="Cp1252"/>
    <property name="user.name" value="Elian"/>
    <property name="java.class.path" value="E:\dev\git\webmarket\webmarket\webmarket-backend\target\test-classes;E:\dev\git\webmarket\webmarket\webmarket-backend\target\classes;E:\dev\maven\repository\junit\junit\4.11\junit-4.11.jar;E:\dev\maven\repository\org\hamcrest\hamcrest-core\1.3\hamcrest-core-1.3.jar;E:\dev\maven\repository\com\google\guava\guava\14.0-rc2\guava-14.0-rc2.jar;E:\dev\maven\repository\com\sun\jersey\jersey-server\1.17\jersey-server-1.17.jar;E:\dev\maven\repository\asm\asm\3.1\asm-3.1.jar;E:\dev\maven\repository\com\sun\jersey\jersey-core\1.17\jersey-core-1.17.jar;E:\dev\maven\repository\com\sun\jersey\jersey-servlet\1.17\jersey-servlet-1.17.jar;E:\dev\maven\repository\org\codehaus\jackson\jackson-mapper-lgpl\1.9.12\jackson-mapper-lgpl-1.9.12.jar;E:\dev\maven\repository\org\codehaus\jackson\jackson-core-lgpl\1.9.12\jackson-core-lgpl-1.9.12.jar;E:\dev\maven\repository\org\eclipse\jetty\jetty-server\8.1.0.RC5\jetty-server-8.1.0.RC5.jar;E:\dev\maven\repository\org\mortbay\jetty\servlet-api\3.0.20100224\servlet-api-3.0.20100224.jar;E:\dev\maven\repository\org\eclipse\jetty\jetty-continuation\8.1.0.RC5\jetty-continuation-8.1.0.RC5.jar;E:\dev\maven\repository\org\eclipse\jetty\jetty-http\8.1.0.RC5\jetty-http-8.1.0.RC5.jar;E:\dev\maven\repository\org\eclipse\jetty\jetty-io\8.1.0.RC5\jetty-io-8.1.0.RC5.jar;E:\dev\maven\repository\org\eclipse\jetty\jetty-util\8.1.0.RC5\jetty-util-8.1.0.RC5.jar;E:\dev\maven\repository\org\eclipse\jetty\jetty-servlet\8.1.0.RC5\jetty-servlet-8.1.0.RC5.jar;E:\dev\maven\repository\org\eclipse\jetty\jetty-security\8.1.0.RC5\jetty-security-8.1.0.RC5.jar;"/>
    <property name="java.vm.specification.version" value="1.0"/>
    <property name="sun.arch.data.model" value="64"/>
    <property name="java.home" value="C:\Program Files\Java\jre6"/>
    <property name="sun.java.command" value="E:\dev\git\webmarket\webmarket\webmarket-backend\target\surefire\surefirebooter4277145780114752582.jar E:\dev\git\webmarket\webmarket\webmarket-backend\target\surefire\surefire6738247808456517504tmp E:\dev\git\webmarket\webmarket\webmarket-backend\target\surefire\surefire3773445443544488649tmp"/>
    <property name="java.specification.vendor" value="Sun Microsystems Inc."/>
    <property name="user.language" value="fr"/>
    <property name="awt.toolkit" value="sun.awt.windows.WToolkit"/>
    <property name="java.vm.info" value="mixed mode"/>
    <property name="java.version" value="1.6.0_39"/>
    <property name="java.ext.dirs" value="C:\Program Files\Java\jre6\lib\ext;C:\Windows\Sun\Java\lib\ext"/>
    <property name="sun.boot.class.path" value="C:\Program Files\Java\jre6\lib\resources.jar;C:\Program Files\Java\jre6\lib\rt.jar;C:\Program Files\Java\jre6\lib\sunrsasign.jar;C:\Program Files\Java\jre6\lib\jsse.jar;C:\Program Files\Java\jre6\lib\jce.jar;C:\Program Files\Java\jre6\lib\charsets.jar;C:\Program Files\Java\jre6\lib\modules\jdk.boot.jar;C:\Program Files\Java\jre6\classes"/>
    <property name="java.vendor" value="Sun Microsystems Inc."/>
    <property name="localRepository" value="E:\dev\maven\repository"/>
    <property name="file.separator" value="\"/>
    <property name="java.vendor.url.bug" value="http://java.sun.com/cgi-bin/bugreport.cgi"/>
    <property name="sun.cpu.endian" value="little"/>
    <property name="sun.io.unicode.encoding" value="UnicodeLittle"/>
    <property name="sun.desktop" value="windows"/>
    <property name="sun.cpu.isalist" value="amd64"/>
  </properties>
  <testcase time="0.012" classname="fr.webmarket.backend.test.model.ItemSearchingTest" name="testBrandCriteriaSearching"/>
  <testcase time="0.001" classname="fr.webmarket.backend.test.model.ItemSearchingTest" name="testSimpleSearching"/>
  <testcase time="0.001" classname="fr.webmarket.backend.test.model.ItemSearchingTest" name="testNameCriteriaSearching"/>
  <testcase time="0" classname="fr.webmarket.backend.test.model.ItemSearchingTest" name="testPriceAndTagsCriteriaSearching"/>
  <testcase time="0.001" classname="fr.webmarket.backend.test.model.ItemSearchingTest" name="testDescriptionCriteriaSearching"/>
  <testcase time="0.001" classname="fr.webmarket.backend.test.model.ItemSearchingTest" name="testUncompatibleCriteriaSearching"/>
</testsuite>